<?xml version="1.0" encoding="UTF-8"?>
<Site BuildName="(empty)"
	BuildStamp="20230608-1549-Experimental"
	Name="AxiomMeanMachine"
	Generator="ctest-3.16.3"
	CompilerName="/usr/bin/c++"
	CompilerVersion="9.4.0"
	OSName="Linux"
	Hostname="AxiomMeanMachine"
	OSRelease="5.15.0-73-generic"
	OSVersion="#80~20.04.1-Ubuntu SMP Wed May 17 14:58:14 UTC 2023"
	OSPlatform="x86_64"
	Is64Bits="1"
	VendorString="GenuineIntel"
	VendorID="Intel Corporation"
	FamilyID="6"
	ModelID="154"
	ProcessorCacheSize="12288"
	NumberOfLogicalCPU="12"
	NumberOfPhysicalCPU="10"
	TotalVirtualMemory="4882"
	TotalPhysicalMemory="15686"
	LogicalProcessorsPerPhysical="1"
	ProcessorClockFrequency="3713.65"
	>
	<Testing>
		<StartDateTime>Jun 08 10:49 CDT</StartDateTime>
		<StartTestTime>1686239380</StartTestTime>
		<TestList/>
		<EndDateTime>Jun 08 10:49 CDT</EndDateTime>
		<EndTestTime>1686239380</EndTestTime>
		<ElapsedMinutes>0</ElapsedMinutes>
	</Testing>
</Site>
